  ConsoleApplication2.cpp
ConsoleApplication2.cpp(24): warning C4018: '<': signed/unsigned mismatch
ConsoleApplication2.cpp(35): warning C4018: '<': signed/unsigned mismatch
ConsoleApplication2.cpp(36): warning C4018: '<': signed/unsigned mismatch
ConsoleApplication2.cpp(44): warning C4018: '<': signed/unsigned mismatch
ConsoleApplication2.cpp(45): warning C4018: '<': signed/unsigned mismatch
ConsoleApplication2.cpp(52): warning C4018: '<': signed/unsigned mismatch
ConsoleApplication2.cpp(53): warning C4018: '<': signed/unsigned mismatch
ConsoleApplication2.cpp(62): warning C4018: '<': signed/unsigned mismatch
ConsoleApplication2.cpp(63): warning C4018: '<': signed/unsigned mismatch
ConsoleApplication2.cpp(68): warning C4018: '<': signed/unsigned mismatch
ConsoleApplication2.cpp(69): warning C4018: '<': signed/unsigned mismatch
ConsoleApplication2.cpp(75): warning C4018: '<': signed/unsigned mismatch
ConsoleApplication2.cpp(76): warning C4018: '<': signed/unsigned mismatch
ConsoleApplication2.cpp(82): warning C4018: '<': signed/unsigned mismatch
ConsoleApplication2.cpp(102): warning C4101: 'local2': unreferenced local variable
ConsoleApplication2.cpp(102): warning C4101: 'local1': unreferenced local variable
  Generating code
  1 of 455 functions ( 0.2%) were compiled, the rest were copied from previous compilation.
    0 functions were new in current compilation
    0 functions had inline decision re-evaluated but remain unchanged
  Finished generating code
  ConsoleApplication2.vcxproj -> C:\Users\Alex Nevolinf\Desktop\C#\Lukach\ConsoleApplication2\Release\ConsoleApplication2.exe
  ConsoleApplication2.vcxproj -> C:\Users\Alex Nevolinf\Desktop\C#\Lukach\ConsoleApplication2\Release\ConsoleApplication2.pdb (Full PDB)
